[2021-02-05 23:13:00.335] [exthost] [info] extension host started
[2021-02-05 23:13:00.810] [exthost] [info] ExtensionService#_doActivateExtension vscode.microsoft-authentication {"startup":false,"extensionId":{"value":"vscode.microsoft-authentication","_lower":"vscode.microsoft-authentication"},"activationEvent":"onAuthenticationRequest:microsoft"}
[2021-02-05 23:13:00.811] [exthost] [info] ExtensionService#loadCommonJSModule file:///snap/code/53/usr/share/code/resources/app/extensions/microsoft-authentication/dist/extension.js
[2021-02-05 23:13:00.915] [exthost] [info] ExtensionService#_doActivateExtension vscode.emmet {"startup":false,"extensionId":{"value":"vscode.emmet","_lower":"vscode.emmet"},"activationEvent":"onLanguage:html"}
[2021-02-05 23:13:00.915] [exthost] [info] ExtensionService#loadCommonJSModule file:///snap/code/53/usr/share/code/resources/app/extensions/emmet/dist/node/emmetNodeMain
[2021-02-05 23:13:00.999] [exthost] [info] ExtensionService#_doActivateExtension vscode.html-language-features {"startup":false,"extensionId":{"value":"vscode.html-language-features","_lower":"vscode.html-language-features"},"activationEvent":"onLanguage:html"}
[2021-02-05 23:13:00.999] [exthost] [info] ExtensionService#loadCommonJSModule file:///snap/code/53/usr/share/code/resources/app/extensions/html-language-features/client/dist/node/htmlClientMain
[2021-02-05 23:13:01.507] [exthost] [info] ExtensionService#_doActivateExtension vscode.configuration-editing {"startup":false,"extensionId":{"value":"vscode.configuration-editing","_lower":"vscode.configuration-editing"},"activationEvent":"onLanguage:json"}
[2021-02-05 23:13:01.507] [exthost] [info] ExtensionService#loadCommonJSModule file:///snap/code/53/usr/share/code/resources/app/extensions/configuration-editing/dist/configurationEditingMain
[2021-02-05 23:13:01.614] [exthost] [info] ExtensionService#_doActivateExtension vscode.extension-editing {"startup":false,"extensionId":{"value":"vscode.extension-editing","_lower":"vscode.extension-editing"},"activationEvent":"onLanguage:json"}
[2021-02-05 23:13:01.615] [exthost] [info] ExtensionService#loadCommonJSModule file:///snap/code/53/usr/share/code/resources/app/extensions/extension-editing/dist/extensionEditingMain
[2021-02-05 23:13:01.918] [exthost] [info] ExtensionService#_doActivateExtension vscode.json-language-features {"startup":false,"extensionId":{"value":"vscode.json-language-features","_lower":"vscode.json-language-features"},"activationEvent":"onLanguage:json"}
[2021-02-05 23:13:01.918] [exthost] [info] ExtensionService#loadCommonJSModule file:///snap/code/53/usr/share/code/resources/app/extensions/json-language-features/client/dist/node/jsonClientMain
[2021-02-05 23:13:02.082] [exthost] [info] ExtensionService#_doActivateExtension ms-vscode.js-debug {"startup":false,"extensionId":{"value":"ms-vscode.js-debug","_lower":"ms-vscode.js-debug"},"activationEvent":"onLanguage:json"}
[2021-02-05 23:13:02.083] [exthost] [info] ExtensionService#loadCommonJSModule file:///snap/code/53/usr/share/code/resources/app/extensions/ms-vscode.js-debug/src/extension.js
[2021-02-05 23:13:02.590] [exthost] [info] ExtensionService#_doActivateExtension vscode.npm {"startup":false,"extensionId":{"value":"vscode.npm","_lower":"vscode.npm"},"activationEvent":"onLanguage:json"}
[2021-02-05 23:13:02.590] [exthost] [info] ExtensionService#loadCommonJSModule file:///snap/code/53/usr/share/code/resources/app/extensions/npm/dist/npmMain
[2021-02-05 23:13:02.675] [exthost] [info] ExtensionService#_doActivateExtension vscode.typescript-language-features {"startup":false,"extensionId":{"value":"vscode.typescript-language-features","_lower":"vscode.typescript-language-features"},"activationEvent":"onLanguage:typescript"}
[2021-02-05 23:13:02.675] [exthost] [info] ExtensionService#loadCommonJSModule file:///snap/code/53/usr/share/code/resources/app/extensions/typescript-language-features/dist/extension
[2021-02-05 23:13:02.731] [exthost] [info] ExtensionService#_doActivateExtension kevinmcgowan.TypeScriptImport {"startup":false,"extensionId":{"value":"kevinmcgowan.TypeScriptImport","_lower":"kevinmcgowan.typescriptimport"},"activationEvent":"onLanguage:typescript"}
[2021-02-05 23:13:02.731] [exthost] [info] ExtensionService#loadCommonJSModule file:///root/.vscode/extensions/kevinmcgowan.typescriptimport-1.17.0/out/extension
[2021-02-05 23:13:05.806] [exthost] [info] ExtensionService#_doActivateExtension mike-co.import-sorter {"startup":false,"extensionId":{"value":"mike-co.import-sorter","_lower":"mike-co.import-sorter"},"activationEvent":"onLanguage:typescript"}
[2021-02-05 23:13:05.807] [exthost] [info] ExtensionService#loadCommonJSModule file:///root/.vscode/extensions/mike-co.import-sorter-3.3.1/out/src/extension
[2021-02-05 23:13:13.571] [exthost] [info] ExtensionService#_doActivateExtension steoates.autoimport {"startup":false,"extensionId":{"value":"steoates.autoimport","_lower":"steoates.autoimport"},"activationEvent":"onLanguage:typescript"}
[2021-02-05 23:13:13.571] [exthost] [info] ExtensionService#loadCommonJSModule file:///root/.vscode/extensions/steoates.autoimport-1.5.3/out/src/extension
[2021-02-05 23:13:13.977] [exthost] [info] ExtensionService#_doActivateExtension vscode.debug-auto-launch {"startup":true,"extensionId":{"value":"vscode.debug-auto-launch","_lower":"vscode.debug-auto-launch"},"activationEvent":"*"}
[2021-02-05 23:13:13.977] [exthost] [info] ExtensionService#loadCommonJSModule file:///snap/code/53/usr/share/code/resources/app/extensions/debug-auto-launch/dist/extension
[2021-02-05 23:13:13.995] [exthost] [info] ExtensionService#_doActivateExtension vscode.git {"startup":true,"extensionId":{"value":"vscode.github","_lower":"vscode.github"},"activationEvent":"*"}
[2021-02-05 23:13:13.995] [exthost] [info] ExtensionService#loadCommonJSModule file:///snap/code/53/usr/share/code/resources/app/extensions/git/dist/main
[2021-02-05 23:13:14.067] [exthost] [info] extension host terminating: parent process 18545 does not exist anymore: kill ESRCH (code: ESRCH) (errno: ESRCH)
