[2021-01-03 03:23:21.553] [exthost] [info] extension host started
[2021-01-03 03:23:21.626] [exthost] [info] ExtensionService#_doActivateExtension vscode.microsoft-authentication {"startup":false,"extensionId":{"value":"vscode.microsoft-authentication","_lower":"vscode.microsoft-authentication"},"activationEvent":"onAuthenticationRequest:microsoft"}
[2021-01-03 03:23:21.626] [exthost] [info] ExtensionService#loadCommonJSModule file:///snap/code/52/usr/share/code/resources/app/extensions/microsoft-authentication/dist/extension.js
[2021-01-03 03:23:21.703] [exthost] [info] ExtensionService#_doActivateExtension vscode.debug-auto-launch {"startup":true,"extensionId":{"value":"vscode.debug-auto-launch","_lower":"vscode.debug-auto-launch"},"activationEvent":"*"}
[2021-01-03 03:23:21.704] [exthost] [info] ExtensionService#loadCommonJSModule file:///snap/code/52/usr/share/code/resources/app/extensions/debug-auto-launch/dist/extension
[2021-01-03 03:23:21.749] [exthost] [info] ExtensionService#_doActivateExtension vscode.emmet {"startup":true,"extensionId":{"value":"vscode.emmet","_lower":"vscode.emmet"},"activationEvent":"*"}
[2021-01-03 03:23:21.749] [exthost] [info] ExtensionService#loadCommonJSModule file:///snap/code/52/usr/share/code/resources/app/extensions/emmet/dist/node/emmetNodeMain
[2021-01-03 03:23:21.876] [exthost] [info] ExtensionService#_doActivateExtension vscode.git {"startup":true,"extensionId":{"value":"vscode.github","_lower":"vscode.github"},"activationEvent":"*"}
[2021-01-03 03:23:21.876] [exthost] [info] ExtensionService#loadCommonJSModule file:///snap/code/52/usr/share/code/resources/app/extensions/git/dist/main
[2021-01-03 03:23:21.980] [exthost] [info] ExtensionService#_doActivateExtension vscode.merge-conflict {"startup":true,"extensionId":{"value":"vscode.merge-conflict","_lower":"vscode.merge-conflict"},"activationEvent":"*"}
[2021-01-03 03:23:21.980] [exthost] [info] ExtensionService#loadCommonJSModule file:///snap/code/52/usr/share/code/resources/app/extensions/merge-conflict/dist/mergeConflictMain
[2021-01-03 03:23:21.994] [exthost] [info] ExtensionService#_doActivateExtension vscode.search-result {"startup":true,"extensionId":{"value":"vscode.search-result","_lower":"vscode.search-result"},"activationEvent":"*"}
[2021-01-03 03:23:21.994] [exthost] [info] ExtensionService#loadCommonJSModule file:///snap/code/52/usr/share/code/resources/app/extensions/search-result/dist/extension.js
[2021-01-03 03:23:22.087] [exthost] [info] ExtensionService#_doActivateExtension vscode.github {"startup":true,"extensionId":{"value":"vscode.github","_lower":"vscode.github"},"activationEvent":"*"}
[2021-01-03 03:23:22.087] [exthost] [info] ExtensionService#loadCommonJSModule file:///snap/code/52/usr/share/code/resources/app/extensions/github/dist/extension.js
[2021-01-03 03:23:22.129] [exthost] [info] eager extensions activated
[2021-01-03 03:23:22.134] [exthost] [info] ExtensionService#_doActivateExtension ms-vscode.js-debug {"startup":false,"extensionId":{"value":"ms-vscode.js-debug","_lower":"ms-vscode.js-debug"},"activationEvent":"onCommand:extension.js-debug.clearAutoAttachVariables"}
[2021-01-03 03:23:22.134] [exthost] [info] ExtensionService#loadCommonJSModule file:///snap/code/52/usr/share/code/resources/app/extensions/ms-vscode.js-debug/src/extension.js
[2021-01-03 03:23:22.380] [exthost] [info] ExtensionService#_doActivateExtension esbenp.prettier-vscode {"startup":false,"extensionId":{"value":"esbenp.prettier-vscode","_lower":"esbenp.prettier-vscode"},"activationEvent":"onStartupFinished"}
[2021-01-03 03:23:22.380] [exthost] [info] ExtensionService#loadCommonJSModule file:///root/.vscode/extensions/esbenp.prettier-vscode-5.8.0/dist/extension
[2021-01-03 03:23:23.082] [exthost] [info] ExtensionService#_doActivateExtension vscode.github-authentication {"startup":false,"extensionId":{"value":"vscode.github-authentication","_lower":"vscode.github-authentication"},"activationEvent":"onAuthenticationRequest:github"}
[2021-01-03 03:23:23.082] [exthost] [info] ExtensionService#loadCommonJSModule file:///snap/code/52/usr/share/code/resources/app/extensions/github-authentication/dist/extension.js
[2021-01-03 03:23:35.111] [exthost] [info] extension host started
[2021-01-03 03:23:35.167] [exthost] [info] ExtensionService#_doActivateExtension vscode.microsoft-authentication {"startup":false,"extensionId":{"value":"vscode.microsoft-authentication","_lower":"vscode.microsoft-authentication"},"activationEvent":"onAuthenticationRequest:microsoft"}
[2021-01-03 03:23:35.167] [exthost] [info] ExtensionService#loadCommonJSModule file:///snap/code/52/usr/share/code/resources/app/extensions/microsoft-authentication/dist/extension.js
[2021-01-03 03:23:35.176] [exthost] [info] ExtensionService#_doActivateExtension vscode.debug-auto-launch {"startup":true,"extensionId":{"value":"vscode.debug-auto-launch","_lower":"vscode.debug-auto-launch"},"activationEvent":"*"}
[2021-01-03 03:23:35.176] [exthost] [info] ExtensionService#loadCommonJSModule file:///snap/code/52/usr/share/code/resources/app/extensions/debug-auto-launch/dist/extension
[2021-01-03 03:23:35.178] [exthost] [info] ExtensionService#_doActivateExtension vscode.emmet {"startup":true,"extensionId":{"value":"vscode.emmet","_lower":"vscode.emmet"},"activationEvent":"*"}
[2021-01-03 03:23:35.178] [exthost] [info] ExtensionService#loadCommonJSModule file:///snap/code/52/usr/share/code/resources/app/extensions/emmet/dist/node/emmetNodeMain
[2021-01-03 03:23:35.189] [exthost] [info] ExtensionService#_doActivateExtension vscode.git {"startup":true,"extensionId":{"value":"vscode.github","_lower":"vscode.github"},"activationEvent":"*"}
[2021-01-03 03:23:35.189] [exthost] [info] ExtensionService#loadCommonJSModule file:///snap/code/52/usr/share/code/resources/app/extensions/git/dist/main
[2021-01-03 03:23:35.240] [exthost] [info] ExtensionService#_doActivateExtension vscode.merge-conflict {"startup":true,"extensionId":{"value":"vscode.merge-conflict","_lower":"vscode.merge-conflict"},"activationEvent":"*"}
[2021-01-03 03:23:35.240] [exthost] [info] ExtensionService#loadCommonJSModule file:///snap/code/52/usr/share/code/resources/app/extensions/merge-conflict/dist/mergeConflictMain
[2021-01-03 03:23:35.242] [exthost] [info] ExtensionService#_doActivateExtension vscode.search-result {"startup":true,"extensionId":{"value":"vscode.search-result","_lower":"vscode.search-result"},"activationEvent":"*"}
[2021-01-03 03:23:35.242] [exthost] [info] ExtensionService#loadCommonJSModule file:///snap/code/52/usr/share/code/resources/app/extensions/search-result/dist/extension.js
[2021-01-03 03:23:35.244] [exthost] [info] ExtensionService#_doActivateExtension vscode.npm {"startup":true,"extensionId":{"value":"vscode.npm","_lower":"vscode.npm"},"activationEvent":"workspaceContains:package.json"}
[2021-01-03 03:23:35.244] [exthost] [info] ExtensionService#loadCommonJSModule file:///snap/code/52/usr/share/code/resources/app/extensions/npm/dist/npmMain
[2021-01-03 03:23:35.466] [exthost] [info] ExtensionService#_doActivateExtension vscode.github {"startup":true,"extensionId":{"value":"vscode.github","_lower":"vscode.github"},"activationEvent":"*"}
[2021-01-03 03:23:35.467] [exthost] [info] ExtensionService#loadCommonJSModule file:///snap/code/52/usr/share/code/resources/app/extensions/github/dist/extension.js
[2021-01-03 03:23:35.548] [exthost] [warning] [Decorations] CAPPING events from decorations provider vscode.git 276
[2021-01-03 03:23:35.556] [exthost] [info] ExtensionService#_doActivateExtension ms-vscode.js-debug {"startup":false,"extensionId":{"value":"ms-vscode.js-debug","_lower":"ms-vscode.js-debug"},"activationEvent":"onCommand:extension.js-debug.clearAutoAttachVariables"}
[2021-01-03 03:23:35.556] [exthost] [info] ExtensionService#loadCommonJSModule file:///snap/code/52/usr/share/code/resources/app/extensions/ms-vscode.js-debug/src/extension.js
[2021-01-03 03:23:35.730] [exthost] [info] eager extensions activated
[2021-01-03 03:23:35.894] [exthost] [info] ExtensionService#_doActivateExtension esbenp.prettier-vscode {"startup":false,"extensionId":{"value":"esbenp.prettier-vscode","_lower":"esbenp.prettier-vscode"},"activationEvent":"onStartupFinished"}
[2021-01-03 03:23:35.894] [exthost] [info] ExtensionService#loadCommonJSModule file:///root/.vscode/extensions/esbenp.prettier-vscode-5.8.0/dist/extension
[2021-01-03 03:23:36.018] [exthost] [info] ExtensionService#_doActivateExtension vscode.github-authentication {"startup":false,"extensionId":{"value":"vscode.github-authentication","_lower":"vscode.github-authentication"},"activationEvent":"onAuthenticationRequest:github"}
[2021-01-03 03:23:36.018] [exthost] [info] ExtensionService#loadCommonJSModule file:///snap/code/52/usr/share/code/resources/app/extensions/github-authentication/dist/extension.js
[2021-01-03 03:24:02.335] [exthost] [warning] [Decorations] CAPPING events from decorations provider vscode.git 336
[2021-01-03 03:24:07.430] [exthost] [warning] [Decorations] CAPPING events from decorations provider vscode.git 335
[2021-01-03 03:24:37.193] [exthost] [warning] [Decorations] CAPPING events from decorations provider vscode.git 334
[2021-01-03 03:25:16.160] [exthost] [warning] [Decorations] CAPPING events from decorations provider vscode.git 337
[2021-01-03 03:25:21.238] [exthost] [warning] [Decorations] CAPPING events from decorations provider vscode.git 337
[2021-01-03 03:25:26.339] [exthost] [warning] [Decorations] CAPPING events from decorations provider vscode.git 337
[2021-01-03 03:28:11.076] [exthost] [info] ExtensionService#_doActivateExtension vscode.configuration-editing {"startup":false,"extensionId":{"value":"vscode.configuration-editing","_lower":"vscode.configuration-editing"},"activationEvent":"onLanguage:json"}
[2021-01-03 03:28:11.077] [exthost] [info] ExtensionService#loadCommonJSModule file:///snap/code/52/usr/share/code/resources/app/extensions/configuration-editing/dist/configurationEditingMain
[2021-01-03 03:28:11.116] [exthost] [info] ExtensionService#_doActivateExtension vscode.extension-editing {"startup":false,"extensionId":{"value":"vscode.extension-editing","_lower":"vscode.extension-editing"},"activationEvent":"onLanguage:json"}
[2021-01-03 03:28:11.116] [exthost] [info] ExtensionService#loadCommonJSModule file:///snap/code/52/usr/share/code/resources/app/extensions/extension-editing/dist/extensionEditingMain
[2021-01-03 03:28:11.143] [exthost] [info] ExtensionService#_doActivateExtension vscode.json-language-features {"startup":false,"extensionId":{"value":"vscode.json-language-features","_lower":"vscode.json-language-features"},"activationEvent":"onLanguage:json"}
[2021-01-03 03:28:11.143] [exthost] [info] ExtensionService#loadCommonJSModule file:///snap/code/52/usr/share/code/resources/app/extensions/json-language-features/client/dist/node/jsonClientMain
[2021-01-03 03:28:11.536] [exthost] [info] ExtensionService#_doActivateExtension vscode.typescript-language-features {"startup":false,"extensionId":{"value":"vscode.typescript-language-features","_lower":"vscode.typescript-language-features"},"activationEvent":"onLanguage:jsonc"}
[2021-01-03 03:28:11.536] [exthost] [info] ExtensionService#loadCommonJSModule file:///snap/code/52/usr/share/code/resources/app/extensions/typescript-language-features/dist/extension
[2021-01-03 03:29:32.601] [exthost] [warning] [Decorations] CAPPING events from decorations provider vscode.git 349
[2021-01-03 03:29:37.699] [exthost] [warning] [Decorations] CAPPING events from decorations provider vscode.git 349
[2021-01-03 03:29:38.194] [exthost] [info] ExtensionService#_doActivateExtension kevinmcgowan.TypeScriptImport {"startup":false,"extensionId":{"value":"kevinmcgowan.TypeScriptImport","_lower":"kevinmcgowan.typescriptimport"},"activationEvent":"onLanguage:javascript"}
[2021-01-03 03:29:38.194] [exthost] [info] ExtensionService#loadCommonJSModule file:///root/.vscode/extensions/kevinmcgowan.typescriptimport-1.17.0/out/extension
[2021-01-03 03:29:38.958] [exthost] [info] ExtensionService#_doActivateExtension mike-co.import-sorter {"startup":false,"extensionId":{"value":"mike-co.import-sorter","_lower":"mike-co.import-sorter"},"activationEvent":"onLanguage:javascript"}
[2021-01-03 03:29:38.961] [exthost] [info] ExtensionService#loadCommonJSModule file:///root/.vscode/extensions/mike-co.import-sorter-3.3.1/out/src/extension
[2021-01-03 03:29:42.807] [exthost] [warning] [Decorations] CAPPING events from decorations provider vscode.git 351
[2021-01-03 03:32:11.159] [exthost] [warning] [Decorations] CAPPING events from decorations provider vscode.git 623
[2021-01-03 03:32:24.851] [exthost] [warning] [Decorations] CAPPING events from decorations provider vscode.git 624
[2021-01-03 03:32:30.193] [exthost] [warning] [Decorations] CAPPING events from decorations provider vscode.git 624
[2021-01-03 03:32:35.373] [exthost] [warning] [Decorations] CAPPING events from decorations provider vscode.git 624
[2021-01-03 03:33:20.288] [exthost] [warning] [Decorations] CAPPING events from decorations provider vscode.git 627
[2021-01-03 03:33:25.394] [exthost] [warning] [Decorations] CAPPING events from decorations provider vscode.git 627
[2021-01-03 03:33:30.503] [exthost] [warning] [Decorations] CAPPING events from decorations provider vscode.git 627
[2021-01-03 03:33:58.626] [exthost] [warning] [Decorations] CAPPING events from decorations provider vscode.git 626
[2021-01-03 03:34:10.240] [exthost] [warning] [Decorations] CAPPING events from decorations provider vscode.git 627
[2021-01-03 03:34:16.526] [exthost] [warning] [Decorations] CAPPING events from decorations provider vscode.git 627
[2021-01-03 03:34:21.651] [exthost] [warning] [Decorations] CAPPING events from decorations provider vscode.git 627
[2021-01-03 03:37:16.874] [exthost] [warning] [Decorations] CAPPING events from decorations provider vscode.git 641
[2021-01-03 03:37:23.983] [exthost] [warning] [Decorations] CAPPING events from decorations provider vscode.git 641
[2021-01-03 03:37:29.092] [exthost] [warning] [Decorations] CAPPING events from decorations provider vscode.git 641
[2021-01-03 03:37:34.203] [exthost] [warning] [Decorations] CAPPING events from decorations provider vscode.git 641
[2021-01-03 03:39:07.018] [exthost] [warning] [Decorations] CAPPING events from decorations provider vscode.git 641
[2021-01-03 03:39:19.211] [exthost] [warning] [Decorations] CAPPING events from decorations provider vscode.git 642
[2021-01-03 03:39:24.351] [exthost] [warning] [Decorations] CAPPING events from decorations provider vscode.git 642
[2021-01-03 03:39:29.456] [exthost] [warning] [Decorations] CAPPING events from decorations provider vscode.git 641
[2021-01-03 03:39:42.244] [exthost] [warning] [Decorations] CAPPING events from decorations provider vscode.git 642
[2021-01-03 03:39:47.353] [exthost] [warning] [Decorations] CAPPING events from decorations provider vscode.git 642
[2021-01-03 03:39:52.450] [exthost] [warning] [Decorations] CAPPING events from decorations provider vscode.git 642
[2021-01-03 03:39:57.559] [exthost] [warning] [Decorations] CAPPING events from decorations provider vscode.git 642
[2021-01-03 03:40:03.101] [exthost] [warning] [Decorations] CAPPING events from decorations provider vscode.git 642
[2021-01-03 03:40:08.202] [exthost] [warning] [Decorations] CAPPING events from decorations provider vscode.git 642
[2021-01-03 03:40:13.316] [exthost] [warning] [Decorations] CAPPING events from decorations provider vscode.git 642
[2021-01-03 03:40:53.389] [exthost] [warning] [Decorations] CAPPING events from decorations provider vscode.git 642
[2021-01-03 03:40:58.509] [exthost] [warning] [Decorations] CAPPING events from decorations provider vscode.git 642
[2021-01-03 03:41:03.615] [exthost] [warning] [Decorations] CAPPING events from decorations provider vscode.git 642
[2021-01-03 03:41:08.757] [exthost] [warning] [Decorations] CAPPING events from decorations provider vscode.git 642
[2021-01-03 03:42:21.453] [exthost] [warning] [Decorations] CAPPING events from decorations provider vscode.git 641
[2021-01-03 03:42:26.579] [exthost] [warning] [Decorations] CAPPING events from decorations provider vscode.git 641
[2021-01-03 03:42:31.704] [exthost] [warning] [Decorations] CAPPING events from decorations provider vscode.git 641
[2021-01-03 03:42:36.813] [exthost] [warning] [Decorations] CAPPING events from decorations provider vscode.git 641
[2021-01-03 03:43:26.751] [exthost] [warning] [Decorations] CAPPING events from decorations provider vscode.git 641
[2021-01-03 03:43:32.618] [exthost] [warning] [Decorations] CAPPING events from decorations provider vscode.git 641
[2021-01-03 03:43:37.726] [exthost] [warning] [Decorations] CAPPING events from decorations provider vscode.git 641
[2021-01-03 03:43:42.845] [exthost] [warning] [Decorations] CAPPING events from decorations provider vscode.git 641
[2021-01-03 03:43:47.953] [exthost] [warning] [Decorations] CAPPING events from decorations provider vscode.git 641
[2021-01-03 03:44:04.938] [exthost] [warning] [Decorations] CAPPING events from decorations provider vscode.git 641
[2021-01-03 03:44:10.055] [exthost] [warning] [Decorations] CAPPING events from decorations provider vscode.git 641
[2021-01-03 03:44:16.173] [exthost] [warning] [Decorations] CAPPING events from decorations provider vscode.git 641
[2021-01-03 03:44:30.880] [exthost] [warning] [Decorations] CAPPING events from decorations provider vscode.git 641
[2021-01-03 03:44:35.990] [exthost] [warning] [Decorations] CAPPING events from decorations provider vscode.git 640
[2021-01-03 03:44:41.314] [exthost] [warning] [Decorations] CAPPING events from decorations provider vscode.git 641
[2021-01-03 03:44:46.433] [exthost] [warning] [Decorations] CAPPING events from decorations provider vscode.git 641
[2021-01-03 03:44:51.549] [exthost] [warning] [Decorations] CAPPING events from decorations provider vscode.git 641
[2021-01-03 03:45:38.639] [exthost] [warning] [Decorations] CAPPING events from decorations provider vscode.git 641
[2021-01-03 03:45:43.746] [exthost] [warning] [Decorations] CAPPING events from decorations provider vscode.git 641
[2021-01-03 03:45:48.855] [exthost] [warning] [Decorations] CAPPING events from decorations provider vscode.git 641
[2021-01-03 03:45:53.973] [exthost] [warning] [Decorations] CAPPING events from decorations provider vscode.git 641
[2021-01-03 03:45:59.082] [exthost] [warning] [Decorations] CAPPING events from decorations provider vscode.git 641
[2021-01-03 03:46:04.192] [exthost] [warning] [Decorations] CAPPING events from decorations provider vscode.git 641
[2021-01-03 03:46:15.403] [exthost] [warning] [Decorations] CAPPING events from decorations provider vscode.git 641
[2021-01-03 03:46:20.496] [exthost] [warning] [Decorations] CAPPING events from decorations provider vscode.git 641
[2021-01-03 03:46:25.605] [exthost] [warning] [Decorations] CAPPING events from decorations provider vscode.git 641
[2021-01-03 03:46:37.433] [exthost] [warning] [Decorations] CAPPING events from decorations provider vscode.git 641
[2021-01-03 03:46:42.544] [exthost] [warning] [Decorations] CAPPING events from decorations provider vscode.git 641
[2021-01-03 03:46:47.683] [exthost] [warning] [Decorations] CAPPING events from decorations provider vscode.git 640
[2021-01-03 03:46:54.550] [exthost] [warning] [Decorations] CAPPING events from decorations provider vscode.git 641
[2021-01-03 03:46:59.644] [exthost] [warning] [Decorations] CAPPING events from decorations provider vscode.git 641
[2021-01-03 03:47:04.757] [exthost] [warning] [Decorations] CAPPING events from decorations provider vscode.git 641
[2021-01-03 03:47:40.480] [exthost] [warning] [Decorations] CAPPING events from decorations provider vscode.git 641
[2021-01-03 03:47:45.591] [exthost] [warning] [Decorations] CAPPING events from decorations provider vscode.git 641
[2021-01-03 03:47:50.696] [exthost] [warning] [Decorations] CAPPING events from decorations provider vscode.git 641
[2021-01-03 03:47:55.814] [exthost] [warning] [Decorations] CAPPING events from decorations provider vscode.git 641
[2021-01-03 03:48:00.926] [exthost] [warning] [Decorations] CAPPING events from decorations provider vscode.git 641
[2021-01-03 03:48:06.043] [exthost] [warning] [Decorations] CAPPING events from decorations provider vscode.git 641
[2021-01-03 03:48:11.980] [exthost] [warning] [Decorations] CAPPING events from decorations provider vscode.git 641
[2021-01-03 03:48:17.081] [exthost] [warning] [Decorations] CAPPING events from decorations provider vscode.git 641
[2021-01-03 03:48:25.898] [exthost] [warning] [Decorations] CAPPING events from decorations provider vscode.git 641
[2021-01-03 03:48:35.992] [exthost] [warning] [Decorations] CAPPING events from decorations provider vscode.git 641
[2021-01-03 03:48:41.110] [exthost] [warning] [Decorations] CAPPING events from decorations provider vscode.git 641
[2021-01-03 03:48:46.217] [exthost] [warning] [Decorations] CAPPING events from decorations provider vscode.git 640
[2021-01-03 03:48:51.325] [exthost] [warning] [Decorations] CAPPING events from decorations provider vscode.git 641
[2021-01-03 03:48:56.444] [exthost] [warning] [Decorations] CAPPING events from decorations provider vscode.git 641
[2021-01-03 03:49:01.556] [exthost] [warning] [Decorations] CAPPING events from decorations provider vscode.git 641
[2021-01-03 03:49:34.145] [exthost] [warning] [Decorations] CAPPING events from decorations provider vscode.git 640
[2021-01-03 03:50:42.599] [exthost] [warning] [Decorations] CAPPING events from decorations provider vscode.git 640
[2021-01-03 03:50:50.904] [exthost] [warning] [Decorations] CAPPING events from decorations provider vscode.git 641
[2021-01-03 03:50:56.017] [exthost] [warning] [Decorations] CAPPING events from decorations provider vscode.git 641
[2021-01-03 03:51:01.127] [exthost] [warning] [Decorations] CAPPING events from decorations provider vscode.git 640
[2021-01-03 03:52:03.426] [exthost] [warning] [Decorations] CAPPING events from decorations provider vscode.git 640
[2021-01-03 03:52:10.518] [exthost] [warning] [Decorations] CAPPING events from decorations provider vscode.git 641
[2021-01-03 03:52:15.632] [exthost] [warning] [Decorations] CAPPING events from decorations provider vscode.git 641
[2021-01-03 03:52:20.746] [exthost] [warning] [Decorations] CAPPING events from decorations provider vscode.git 640
